{"/Users/nathankennedy/Documents/Work/cli/source/dist/lib/processors/css.js":{"path":"/Users/nathankennedy/Documents/Work/cli/source/dist/lib/processors/css.js","s":{"1":1,"2":1,"3":1,"4":1,"5":1,"6":0,"7":1,"8":0,"9":0,"10":0,"11":0,"12":0,"13":0,"14":1,"15":3,"16":3,"17":1,"18":1,"19":2,"20":2,"21":2,"22":0,"23":0,"24":0,"25":0,"26":0,"27":0,"28":0,"29":0,"30":0,"31":0},"b":{"1":[0,0],"2":[3,1],"3":[1,2],"4":[2,0],"5":[0,0]},"f":{"1":0,"2":0,"3":0,"4":3},"fnMap":{"1":{"name":"prepHref","line":8,"loc":{"start":{"line":8,"column":0},"end":{"line":8,"column":24}}},"2":{"name":"rewriteCSS","line":19,"loc":{"start":{"line":19,"column":0},"end":{"line":19,"column":44}}},"3":{"name":"(anonymous_3)","line":20,"loc":{"start":{"line":20,"column":32},"end":{"line":20,"column":47}}},"4":{"name":"(anonymous_4)","line":41,"loc":{"start":{"line":41,"column":12},"end":{"line":41,"column":55}}}},"statementMap":{"1":{"start":{"line":2,"column":0},"end":{"line":2,"column":50}},"2":{"start":{"line":3,"column":0},"end":{"line":3,"column":29}},"3":{"start":{"line":4,"column":0},"end":{"line":4,"column":31}},"4":{"start":{"line":6,"column":0},"end":{"line":6,"column":47}},"5":{"start":{"line":8,"column":0},"end":{"line":10,"column":1}},"6":{"start":{"line":9,"column":1},"end":{"line":9,"column":45}},"7":{"start":{"line":19,"column":0},"end":{"line":30,"column":1}},"8":{"start":{"line":20,"column":1},"end":{"line":27,"column":4}},"9":{"start":{"line":21,"column":2},"end":{"line":23,"column":3}},"10":{"start":{"line":22,"column":3},"end":{"line":22,"column":25}},"11":{"start":{"line":25,"column":2},"end":{"line":25,"column":64}},"12":{"start":{"line":26,"column":2},"end":{"line":26,"column":58}},"13":{"start":{"line":29,"column":1},"end":{"line":29,"column":30}},"14":{"start":{"line":32,"column":0},"end":{"line":67,"column":1}},"15":{"start":{"line":42,"column":2},"end":{"line":42,"column":26}},"16":{"start":{"line":43,"column":8},"end":{"line":46,"column":3}},"17":{"start":{"line":44,"column":3},"end":{"line":44,"column":40}},"18":{"start":{"line":45,"column":12},"end":{"line":45,"column":19}},"19":{"start":{"line":47,"column":2},"end":{"line":50,"column":3}},"20":{"start":{"line":48,"column":3},"end":{"line":48,"column":18}},"21":{"start":{"line":49,"column":3},"end":{"line":49,"column":10}},"22":{"start":{"line":52,"column":2},"end":{"line":52,"column":39}},"23":{"start":{"line":53,"column":2},"end":{"line":53,"column":39}},"24":{"start":{"line":55,"column":2},"end":{"line":55,"column":62}},"25":{"start":{"line":56,"column":2},"end":{"line":56,"column":53}},"26":{"start":{"line":58,"column":2},"end":{"line":61,"column":3}},"27":{"start":{"line":59,"column":3},"end":{"line":59,"column":33}},"28":{"start":{"line":60,"column":3},"end":{"line":60,"column":10}},"29":{"start":{"line":62,"column":2},"end":{"line":62,"column":61}},"30":{"start":{"line":64,"column":2},"end":{"line":64,"column":36}},"31":{"start":{"line":65,"column":2},"end":{"line":65,"column":11}}},"branchMap":{"1":{"line":21,"type":"if","locations":[{"start":{"line":21,"column":2},"end":{"line":21,"column":2}},{"start":{"line":21,"column":2},"end":{"line":21,"column":2}}]},"2":{"line":42,"type":"binary-expr","locations":[{"start":{"line":42,"column":12},"end":{"line":42,"column":19}},{"start":{"line":42,"column":23},"end":{"line":42,"column":25}}]},"3":{"line":43,"type":"if","locations":[{"start":{"line":43,"column":8},"end":{"line":43,"column":8}},{"start":{"line":43,"column":8},"end":{"line":43,"column":8}}]},"4":{"line":47,"type":"if","locations":[{"start":{"line":47,"column":2},"end":{"line":47,"column":2}},{"start":{"line":47,"column":2},"end":{"line":47,"column":2}}]},"5":{"line":58,"type":"if","locations":[{"start":{"line":58,"column":2},"end":{"line":58,"column":2}},{"start":{"line":58,"column":2},"end":{"line":58,"column":2}}]}}},"/Users/nathankennedy/Documents/Work/cli/source/dist/lib/processors/html.js":{"path":"/Users/nathankennedy/Documents/Work/cli/source/dist/lib/processors/html.js","s":{"1":1,"2":1,"3":1,"4":1,"5":1,"6":1,"7":1,"8":0,"9":0,"10":0,"11":0,"12":1,"13":0,"14":0,"15":0,"16":0,"17":0,"18":0,"19":0,"20":0,"21":0,"22":0,"23":0,"24":0,"25":0,"26":0,"27":0,"28":0,"29":0,"30":0,"31":0,"32":0,"33":0,"34":0,"35":0,"36":0,"37":0,"38":0,"39":0,"40":0,"41":0,"42":0,"43":0,"44":0,"45":0,"46":0,"47":0,"48":0,"49":0,"50":0,"51":1,"52":0,"53":0,"54":0,"55":0,"56":0,"57":0,"58":0,"59":0},"b":{"1":[0,0],"2":[0,0],"3":[0,0],"4":[0,0],"5":[0,0],"6":[0,0],"7":[0,0],"8":[0,0],"9":[0,0],"10":[0,0],"11":[0,0]},"f":{"1":0,"2":0,"3":0,"4":0,"5":0,"6":0,"7":0,"8":0,"9":0},"fnMap":{"1":{"name":"rewritePath","line":8,"loc":{"start":{"line":8,"column":0},"end":{"line":8,"column":46}}},"2":{"name":"rewriteHTML","line":17,"loc":{"start":{"line":17,"column":0},"end":{"line":17,"column":61}}},"3":{"name":"(anonymous_3)","line":22,"loc":{"start":{"line":22,"column":18},"end":{"line":22,"column":30}}},"4":{"name":"(anonymous_4)","line":37,"loc":{"start":{"line":37,"column":30},"end":{"line":37,"column":42}}},"5":{"name":"(anonymous_5)","line":48,"loc":{"start":{"line":48,"column":20},"end":{"line":48,"column":32}}},"6":{"name":"(anonymous_6)","line":64,"loc":{"start":{"line":64,"column":38},"end":{"line":64,"column":50}}},"7":{"name":"(anonymous_7)","line":84,"loc":{"start":{"line":84,"column":19},"end":{"line":84,"column":31}}},"8":{"name":"(anonymous_8)","line":94,"loc":{"start":{"line":94,"column":17},"end":{"line":94,"column":29}}},"9":{"name":"(anonymous_9)","line":109,"loc":{"start":{"line":109,"column":9},"end":{"line":109,"column":47}}}},"statementMap":{"1":{"start":{"line":1,"column":0},"end":{"line":1,"column":31}},"2":{"start":{"line":2,"column":0},"end":{"line":2,"column":35}},"3":{"start":{"line":3,"column":0},"end":{"line":3,"column":39}},"4":{"start":{"line":4,"column":0},"end":{"line":4,"column":29}},"5":{"start":{"line":5,"column":0},"end":{"line":5,"column":44}},"6":{"start":{"line":6,"column":0},"end":{"line":6,"column":47}},"7":{"start":{"line":8,"column":0},"end":{"line":15,"column":1}},"8":{"start":{"line":9,"column":1},"end":{"line":11,"column":2}},"9":{"start":{"line":10,"column":2},"end":{"line":10,"column":14}},"10":{"start":{"line":13,"column":1},"end":{"line":13,"column":63}},"11":{"start":{"line":14,"column":1},"end":{"line":14,"column":47}},"12":{"start":{"line":17,"column":0},"end":{"line":105,"column":1}},"13":{"start":{"line":18,"column":1},"end":{"line":18,"column":37}},"14":{"start":{"line":20,"column":1},"end":{"line":20,"column":109}},"15":{"start":{"line":22,"column":1},"end":{"line":30,"column":4}},"16":{"start":{"line":23,"column":2},"end":{"line":25,"column":50}},"17":{"start":{"line":27,"column":2},"end":{"line":29,"column":3}},"18":{"start":{"line":28,"column":3},"end":{"line":28,"column":29}},"19":{"start":{"line":33,"column":1},"end":{"line":33,"column":56}},"20":{"start":{"line":34,"column":1},"end":{"line":46,"column":2}},"21":{"start":{"line":35,"column":2},"end":{"line":35,"column":30}},"22":{"start":{"line":37,"column":2},"end":{"line":45,"column":5}},"23":{"start":{"line":38,"column":3},"end":{"line":40,"column":60}},"24":{"start":{"line":42,"column":3},"end":{"line":44,"column":4}},"25":{"start":{"line":43,"column":4},"end":{"line":43,"column":31}},"26":{"start":{"line":48,"column":1},"end":{"line":62,"column":4}},"27":{"start":{"line":49,"column":2},"end":{"line":51,"column":39}},"28":{"start":{"line":53,"column":2},"end":{"line":55,"column":3}},"29":{"start":{"line":54,"column":3},"end":{"line":54,"column":65}},"30":{"start":{"line":57,"column":2},"end":{"line":57,"column":47}},"31":{"start":{"line":59,"column":2},"end":{"line":61,"column":3}},"32":{"start":{"line":60,"column":3},"end":{"line":60,"column":31}},"33":{"start":{"line":64,"column":1},"end":{"line":81,"column":4}},"34":{"start":{"line":65,"column":2},"end":{"line":67,"column":30}},"35":{"start":{"line":69,"column":2},"end":{"line":80,"column":3}},"36":{"start":{"line":70,"column":3},"end":{"line":79,"column":4}},"37":{"start":{"line":71,"column":4},"end":{"line":72,"column":52}},"38":{"start":{"line":74,"column":4},"end":{"line":77,"column":5}},"39":{"start":{"line":75,"column":5},"end":{"line":75,"column":33}},"40":{"start":{"line":76,"column":5},"end":{"line":76,"column":42}},"41":{"start":{"line":78,"column":4},"end":{"line":78,"column":11}},"42":{"start":{"line":84,"column":1},"end":{"line":92,"column":4}},"43":{"start":{"line":85,"column":2},"end":{"line":87,"column":48}},"44":{"start":{"line":89,"column":2},"end":{"line":91,"column":3}},"45":{"start":{"line":90,"column":3},"end":{"line":90,"column":30}},"46":{"start":{"line":94,"column":1},"end":{"line":102,"column":4}},"47":{"start":{"line":95,"column":2},"end":{"line":97,"column":48}},"48":{"start":{"line":99,"column":2},"end":{"line":101,"column":3}},"49":{"start":{"line":100,"column":3},"end":{"line":100,"column":21}},"50":{"start":{"line":104,"column":1},"end":{"line":104,"column":17}},"51":{"start":{"line":107,"column":0},"end":{"line":125,"column":2}},"52":{"start":{"line":110,"column":2},"end":{"line":110,"column":26}},"53":{"start":{"line":112,"column":2},"end":{"line":114,"column":3}},"54":{"start":{"line":113,"column":3},"end":{"line":113,"column":10}},"55":{"start":{"line":116,"column":2},"end":{"line":116,"column":62}},"56":{"start":{"line":117,"column":2},"end":{"line":117,"column":53}},"57":{"start":{"line":119,"column":2},"end":{"line":119,"column":39}},"58":{"start":{"line":121,"column":2},"end":{"line":121,"column":67}},"59":{"start":{"line":123,"column":2},"end":{"line":123,"column":36}}},"branchMap":{"1":{"line":9,"type":"if","locations":[{"start":{"line":9,"column":1},"end":{"line":9,"column":1}},{"start":{"line":9,"column":1},"end":{"line":9,"column":1}}]},"2":{"line":18,"type":"binary-expr","locations":[{"start":{"line":18,"column":17},"end":{"line":18,"column":30}},{"start":{"line":18,"column":34},"end":{"line":18,"column":36}}]},"3":{"line":27,"type":"if","locations":[{"start":{"line":27,"column":2},"end":{"line":27,"column":2}},{"start":{"line":27,"column":2},"end":{"line":27,"column":2}}]},"4":{"line":42,"type":"if","locations":[{"start":{"line":42,"column":3},"end":{"line":42,"column":3}},{"start":{"line":42,"column":3},"end":{"line":42,"column":3}}]},"5":{"line":59,"type":"if","locations":[{"start":{"line":59,"column":2},"end":{"line":59,"column":2}},{"start":{"line":59,"column":2},"end":{"line":59,"column":2}}]},"6":{"line":70,"type":"if","locations":[{"start":{"line":70,"column":3},"end":{"line":70,"column":3}},{"start":{"line":70,"column":3},"end":{"line":70,"column":3}}]},"7":{"line":74,"type":"if","locations":[{"start":{"line":74,"column":4},"end":{"line":74,"column":4}},{"start":{"line":74,"column":4},"end":{"line":74,"column":4}}]},"8":{"line":89,"type":"if","locations":[{"start":{"line":89,"column":2},"end":{"line":89,"column":2}},{"start":{"line":89,"column":2},"end":{"line":89,"column":2}}]},"9":{"line":99,"type":"if","locations":[{"start":{"line":99,"column":2},"end":{"line":99,"column":2}},{"start":{"line":99,"column":2},"end":{"line":99,"column":2}}]},"10":{"line":110,"type":"binary-expr","locations":[{"start":{"line":110,"column":12},"end":{"line":110,"column":19}},{"start":{"line":110,"column":23},"end":{"line":110,"column":25}}]},"11":{"line":112,"type":"if","locations":[{"start":{"line":112,"column":2},"end":{"line":112,"column":2}},{"start":{"line":112,"column":2},"end":{"line":112,"column":2}}]}}}}