TN:
SF:/Users/nathankennedy/Documents/Work/cli/source/dist/lib/processors/css.js
FN:8,prepHref
FN:19,rewriteCSS
FN:20,(anonymous_3)
FN:41,(anonymous_4)
FNF:4
FNH:1
FNDA:0,prepHref
FNDA:0,rewriteCSS
FNDA:0,(anonymous_3)
FNDA:3,(anonymous_4)
DA:2,1
DA:3,1
DA:4,1
DA:6,1
DA:8,1
DA:9,0
DA:19,1
DA:20,0
DA:21,0
DA:22,0
DA:25,0
DA:26,0
DA:29,0
DA:32,1
DA:42,3
DA:43,3
DA:44,1
DA:45,1
DA:47,2
DA:48,2
DA:49,2
DA:52,0
DA:53,0
DA:55,0
DA:56,0
DA:58,0
DA:59,0
DA:60,0
DA:62,0
DA:64,0
DA:65,0
LF:31
LH:14
BRDA:21,1,0,0
BRDA:21,1,1,0
BRDA:42,2,0,3
BRDA:42,2,1,1
BRDA:43,3,0,1
BRDA:43,3,1,2
BRDA:47,4,0,2
BRDA:47,4,1,0
BRDA:58,5,0,0
BRDA:58,5,1,0
BRF:10
BRH:5
end_of_record
TN:
SF:/Users/nathankennedy/Documents/Work/cli/source/dist/lib/processors/html.js
FN:8,rewritePath
FN:17,rewriteHTML
FN:22,(anonymous_3)
FN:37,(anonymous_4)
FN:48,(anonymous_5)
FN:64,(anonymous_6)
FN:84,(anonymous_7)
FN:94,(anonymous_8)
FN:109,(anonymous_9)
FNF:9
FNH:0
FNDA:0,rewritePath
FNDA:0,rewriteHTML
FNDA:0,(anonymous_3)
FNDA:0,(anonymous_4)
FNDA:0,(anonymous_5)
FNDA:0,(anonymous_6)
FNDA:0,(anonymous_7)
FNDA:0,(anonymous_8)
FNDA:0,(anonymous_9)
DA:1,1
DA:2,1
DA:3,1
DA:4,1
DA:5,1
DA:6,1
DA:8,1
DA:9,0
DA:10,0
DA:13,0
DA:14,0
DA:17,1
DA:18,0
DA:20,0
DA:22,0
DA:23,0
DA:27,0
DA:28,0
DA:33,0
DA:34,0
DA:35,0
DA:37,0
DA:38,0
DA:42,0
DA:43,0
DA:48,0
DA:49,0
DA:53,0
DA:54,0
DA:57,0
DA:59,0
DA:60,0
DA:64,0
DA:65,0
DA:69,0
DA:70,0
DA:71,0
DA:74,0
DA:75,0
DA:76,0
DA:78,0
DA:84,0
DA:85,0
DA:89,0
DA:90,0
DA:94,0
DA:95,0
DA:99,0
DA:100,0
DA:104,0
DA:107,1
DA:110,0
DA:112,0
DA:113,0
DA:116,0
DA:117,0
DA:119,0
DA:121,0
DA:123,0
LF:59
LH:9
BRDA:9,1,0,0
BRDA:9,1,1,0
BRDA:18,2,0,0
BRDA:18,2,1,0
BRDA:27,3,0,0
BRDA:27,3,1,0
BRDA:42,4,0,0
BRDA:42,4,1,0
BRDA:59,5,0,0
BRDA:59,5,1,0
BRDA:70,6,0,0
BRDA:70,6,1,0
BRDA:74,7,0,0
BRDA:74,7,1,0
BRDA:89,8,0,0
BRDA:89,8,1,0
BRDA:99,9,0,0
BRDA:99,9,1,0
BRDA:110,10,0,0
BRDA:110,10,1,0
BRDA:112,11,0,0
BRDA:112,11,1,0
BRF:22
BRH:0
end_of_record
